[2022-03-07T17:01:31,402][INFO ][o.e.n.Node               ] [] initializing ...
[2022-03-07T17:01:32,066][INFO ][o.e.e.NodeEnvironment    ] [fJkL-vj] using [1] data paths, mounts [[(F:)]], net usable_space [34.1gb], net total_space [100gb], spins? [unknown], types [FAT32]
[2022-03-07T17:01:32,066][INFO ][o.e.e.NodeEnvironment    ] [fJkL-vj] heap size [1.9gb], compressed ordinary object pointers [true]
[2022-03-07T17:01:32,076][INFO ][o.e.n.Node               ] node name [fJkL-vj] derived from node ID [fJkL-vj1SgmRBXYqFZJAzQ]; set [node.name] to override
[2022-03-07T17:01:32,076][INFO ][o.e.n.Node               ] version[5.6.8], pid[14740], build[688ecce/2018-02-16T16:46:30.010Z], OS[Windows 10/10.0/amd64], JVM[Oracle Corporation/Java HotSpot(TM) 64-Bit Server VM/1.8.0_321/25.321-b07]
[2022-03-07T17:01:32,076][INFO ][o.e.n.Node               ] JVM arguments [-Xms2g, -Xmx2g, -XX:+UseConcMarkSweepGC, -XX:CMSInitiatingOccupancyFraction=75, -XX:+UseCMSInitiatingOccupancyOnly, -XX:+AlwaysPreTouch, -Xss1m, -Djava.awt.headless=true, -Dfile.encoding=UTF-8, -Djna.nosys=true, -Djdk.io.permissionsUseCanonicalPath=true, -Dio.netty.noUnsafe=true, -Dio.netty.noKeySetOptimization=true, -Dio.netty.recycler.maxCapacityPerThread=0, -Dlog4j.shutdownHookEnabled=false, -Dlog4j2.disable.jmx=true, -Dlog4j.skipJansi=true, -XX:+HeapDumpOnOutOfMemoryError, -Delasticsearch, -Des.path.home=F:\1\snow3\07-爬虫\课前资料\ElasticSearch软件\elasticsearch-5.6.8]
[2022-03-07T17:01:33,365][INFO ][o.e.p.PluginsService     ] [fJkL-vj] loaded module [aggs-matrix-stats]
[2022-03-07T17:01:33,365][INFO ][o.e.p.PluginsService     ] [fJkL-vj] loaded module [ingest-common]
[2022-03-07T17:01:33,373][INFO ][o.e.p.PluginsService     ] [fJkL-vj] loaded module [lang-expression]
[2022-03-07T17:01:33,373][INFO ][o.e.p.PluginsService     ] [fJkL-vj] loaded module [lang-groovy]
[2022-03-07T17:01:33,373][INFO ][o.e.p.PluginsService     ] [fJkL-vj] loaded module [lang-mustache]
[2022-03-07T17:01:33,373][INFO ][o.e.p.PluginsService     ] [fJkL-vj] loaded module [lang-painless]
[2022-03-07T17:01:33,373][INFO ][o.e.p.PluginsService     ] [fJkL-vj] loaded module [parent-join]
[2022-03-07T17:01:33,375][INFO ][o.e.p.PluginsService     ] [fJkL-vj] loaded module [percolator]
[2022-03-07T17:01:33,375][INFO ][o.e.p.PluginsService     ] [fJkL-vj] loaded module [reindex]
[2022-03-07T17:01:33,375][INFO ][o.e.p.PluginsService     ] [fJkL-vj] loaded module [transport-netty3]
[2022-03-07T17:01:33,375][INFO ][o.e.p.PluginsService     ] [fJkL-vj] loaded module [transport-netty4]
[2022-03-07T17:01:33,375][INFO ][o.e.p.PluginsService     ] [fJkL-vj] no plugins loaded
[2022-03-07T17:01:36,107][INFO ][o.e.d.DiscoveryModule    ] [fJkL-vj] using discovery type [zen]
[2022-03-07T17:01:36,593][INFO ][o.e.n.Node               ] initialized
[2022-03-07T17:01:36,593][INFO ][o.e.n.Node               ] [fJkL-vj] starting ...
[2022-03-07T17:01:39,214][INFO ][o.e.t.TransportService   ] [fJkL-vj] publish_address {127.0.0.1:9300}, bound_addresses {127.0.0.1:9300}, {[::1]:9300}
[2022-03-07T17:01:42,276][INFO ][o.e.c.s.ClusterService   ] [fJkL-vj] new_master {fJkL-vj}{fJkL-vj1SgmRBXYqFZJAzQ}{3twuay_tQLeE3K5yqOr_yg}{127.0.0.1}{127.0.0.1:9300}, reason: zen-disco-elected-as-master ([0] nodes joined)
[2022-03-07T17:01:42,316][INFO ][o.e.g.GatewayService     ] [fJkL-vj] recovered [0] indices into cluster_state
[2022-03-07T17:01:43,802][INFO ][o.e.h.n.Netty4HttpServerTransport] [fJkL-vj] publish_address {127.0.0.1:9200}, bound_addresses {127.0.0.1:9200}, {[::1]:9200}
[2022-03-07T17:01:43,802][INFO ][o.e.n.Node               ] [fJkL-vj] started
[2022-03-07T17:09:18,275][INFO ][o.e.b.Bootstrap          ] running graceful exit on windows
[2022-03-07T17:09:18,275][INFO ][o.e.n.Node               ] [fJkL-vj] stopping ...
[2022-03-07T17:09:18,302][INFO ][o.e.n.Node               ] [fJkL-vj] stopped
[2022-03-07T17:09:18,302][INFO ][o.e.n.Node               ] [fJkL-vj] closing ...
[2022-03-07T17:09:18,313][INFO ][o.e.n.Node               ] [fJkL-vj] closed
[2022-03-07T18:32:46,425][INFO ][o.e.n.Node               ] [] initializing ...
[2022-03-07T18:32:46,594][INFO ][o.e.e.NodeEnvironment    ] [fJkL-vj] using [1] data paths, mounts [[(F:)]], net usable_space [34.1gb], net total_space [100gb], spins? [unknown], types [FAT32]
[2022-03-07T18:32:46,595][INFO ][o.e.e.NodeEnvironment    ] [fJkL-vj] heap size [1.9gb], compressed ordinary object pointers [true]
[2022-03-07T18:32:46,601][INFO ][o.e.n.Node               ] node name [fJkL-vj] derived from node ID [fJkL-vj1SgmRBXYqFZJAzQ]; set [node.name] to override
[2022-03-07T18:32:46,601][INFO ][o.e.n.Node               ] version[5.6.8], pid[3376], build[688ecce/2018-02-16T16:46:30.010Z], OS[Windows 10/10.0/amd64], JVM[Oracle Corporation/Java HotSpot(TM) 64-Bit Server VM/1.8.0_321/25.321-b07]
[2022-03-07T18:32:46,602][INFO ][o.e.n.Node               ] JVM arguments [-Xms2g, -Xmx2g, -XX:+UseConcMarkSweepGC, -XX:CMSInitiatingOccupancyFraction=75, -XX:+UseCMSInitiatingOccupancyOnly, -XX:+AlwaysPreTouch, -Xss1m, -Djava.awt.headless=true, -Dfile.encoding=UTF-8, -Djna.nosys=true, -Djdk.io.permissionsUseCanonicalPath=true, -Dio.netty.noUnsafe=true, -Dio.netty.noKeySetOptimization=true, -Dio.netty.recycler.maxCapacityPerThread=0, -Dlog4j.shutdownHookEnabled=false, -Dlog4j2.disable.jmx=true, -Dlog4j.skipJansi=true, -XX:+HeapDumpOnOutOfMemoryError, -Delasticsearch, -Des.path.home=F:\1\snow3\07-爬虫\课前资料\ElasticSearch软件\elasticsearch-5.6.8]
[2022-03-07T18:32:47,843][INFO ][o.e.p.PluginsService     ] [fJkL-vj] loaded module [aggs-matrix-stats]
[2022-03-07T18:32:47,843][INFO ][o.e.p.PluginsService     ] [fJkL-vj] loaded module [ingest-common]
[2022-03-07T18:32:47,844][INFO ][o.e.p.PluginsService     ] [fJkL-vj] loaded module [lang-expression]
[2022-03-07T18:32:47,844][INFO ][o.e.p.PluginsService     ] [fJkL-vj] loaded module [lang-groovy]
[2022-03-07T18:32:47,845][INFO ][o.e.p.PluginsService     ] [fJkL-vj] loaded module [lang-mustache]
[2022-03-07T18:32:47,845][INFO ][o.e.p.PluginsService     ] [fJkL-vj] loaded module [lang-painless]
[2022-03-07T18:32:47,845][INFO ][o.e.p.PluginsService     ] [fJkL-vj] loaded module [parent-join]
[2022-03-07T18:32:47,846][INFO ][o.e.p.PluginsService     ] [fJkL-vj] loaded module [percolator]
[2022-03-07T18:32:47,846][INFO ][o.e.p.PluginsService     ] [fJkL-vj] loaded module [reindex]
[2022-03-07T18:32:47,846][INFO ][o.e.p.PluginsService     ] [fJkL-vj] loaded module [transport-netty3]
[2022-03-07T18:32:47,847][INFO ][o.e.p.PluginsService     ] [fJkL-vj] loaded module [transport-netty4]
[2022-03-07T18:32:47,847][INFO ][o.e.p.PluginsService     ] [fJkL-vj] no plugins loaded
[2022-03-07T18:32:51,824][INFO ][o.e.d.DiscoveryModule    ] [fJkL-vj] using discovery type [zen]
[2022-03-07T18:32:52,349][INFO ][o.e.n.Node               ] initialized
[2022-03-07T18:32:52,350][INFO ][o.e.n.Node               ] [fJkL-vj] starting ...
[2022-03-07T18:32:53,619][INFO ][o.e.t.TransportService   ] [fJkL-vj] publish_address {127.0.0.1:9300}, bound_addresses {127.0.0.1:9300}
[2022-03-07T18:32:56,722][INFO ][o.e.c.s.ClusterService   ] [fJkL-vj] new_master {fJkL-vj}{fJkL-vj1SgmRBXYqFZJAzQ}{j_RvMNXTSpKWmWMJ5MDF_g}{127.0.0.1}{127.0.0.1:9300}, reason: zen-disco-elected-as-master ([0] nodes joined)
[2022-03-07T18:32:56,759][INFO ][o.e.g.GatewayService     ] [fJkL-vj] recovered [0] indices into cluster_state
[2022-03-07T18:32:56,764][INFO ][o.e.h.n.Netty4HttpServerTransport] [fJkL-vj] publish_address {127.0.0.1:9200}, bound_addresses {127.0.0.1:9200}
[2022-03-07T18:32:56,765][INFO ][o.e.n.Node               ] [fJkL-vj] started
[2022-03-07T18:57:49,963][INFO ][o.e.b.Bootstrap          ] running graceful exit on windows
[2022-03-07T18:57:49,965][INFO ][o.e.n.Node               ] [fJkL-vj] stopping ...
[2022-03-07T18:57:50,061][INFO ][o.e.n.Node               ] [fJkL-vj] stopped
[2022-03-07T18:57:50,062][INFO ][o.e.n.Node               ] [fJkL-vj] closing ...
[2022-03-07T18:57:50,073][INFO ][o.e.n.Node               ] [fJkL-vj] closed
[2022-03-07T18:58:05,272][INFO ][o.e.n.Node               ] [] initializing ...
[2022-03-07T18:58:05,413][INFO ][o.e.e.NodeEnvironment    ] [fJkL-vj] using [1] data paths, mounts [[(F:)]], net usable_space [33.3gb], net total_space [100gb], spins? [unknown], types [FAT32]
[2022-03-07T18:58:05,414][INFO ][o.e.e.NodeEnvironment    ] [fJkL-vj] heap size [1.9gb], compressed ordinary object pointers [true]
[2022-03-07T18:58:05,417][INFO ][o.e.n.Node               ] node name [fJkL-vj] derived from node ID [fJkL-vj1SgmRBXYqFZJAzQ]; set [node.name] to override
[2022-03-07T18:58:05,417][INFO ][o.e.n.Node               ] version[5.6.8], pid[8580], build[688ecce/2018-02-16T16:46:30.010Z], OS[Windows 10/10.0/amd64], JVM[Oracle Corporation/Java HotSpot(TM) 64-Bit Server VM/1.8.0_321/25.321-b07]
[2022-03-07T18:58:05,418][INFO ][o.e.n.Node               ] JVM arguments [-Xms2g, -Xmx2g, -XX:+UseConcMarkSweepGC, -XX:CMSInitiatingOccupancyFraction=75, -XX:+UseCMSInitiatingOccupancyOnly, -XX:+AlwaysPreTouch, -Xss1m, -Djava.awt.headless=true, -Dfile.encoding=UTF-8, -Djna.nosys=true, -Djdk.io.permissionsUseCanonicalPath=true, -Dio.netty.noUnsafe=true, -Dio.netty.noKeySetOptimization=true, -Dio.netty.recycler.maxCapacityPerThread=0, -Dlog4j.shutdownHookEnabled=false, -Dlog4j2.disable.jmx=true, -Dlog4j.skipJansi=true, -XX:+HeapDumpOnOutOfMemoryError, -Delasticsearch, -Des.path.home=F:\1\snow3\07-爬虫\课前资料\ElasticSearch软件\elasticsearch-5.6.8]
[2022-03-07T18:58:07,061][INFO ][o.e.p.PluginsService     ] [fJkL-vj] loaded module [aggs-matrix-stats]
[2022-03-07T18:58:07,061][INFO ][o.e.p.PluginsService     ] [fJkL-vj] loaded module [ingest-common]
[2022-03-07T18:58:07,061][INFO ][o.e.p.PluginsService     ] [fJkL-vj] loaded module [lang-expression]
[2022-03-07T18:58:07,061][INFO ][o.e.p.PluginsService     ] [fJkL-vj] loaded module [lang-groovy]
[2022-03-07T18:58:07,061][INFO ][o.e.p.PluginsService     ] [fJkL-vj] loaded module [lang-mustache]
[2022-03-07T18:58:07,062][INFO ][o.e.p.PluginsService     ] [fJkL-vj] loaded module [lang-painless]
[2022-03-07T18:58:07,062][INFO ][o.e.p.PluginsService     ] [fJkL-vj] loaded module [parent-join]
[2022-03-07T18:58:07,062][INFO ][o.e.p.PluginsService     ] [fJkL-vj] loaded module [percolator]
[2022-03-07T18:58:07,063][INFO ][o.e.p.PluginsService     ] [fJkL-vj] loaded module [reindex]
[2022-03-07T18:58:07,063][INFO ][o.e.p.PluginsService     ] [fJkL-vj] loaded module [transport-netty3]
[2022-03-07T18:58:07,063][INFO ][o.e.p.PluginsService     ] [fJkL-vj] loaded module [transport-netty4]
[2022-03-07T18:58:07,064][INFO ][o.e.p.PluginsService     ] [fJkL-vj] loaded plugin [analysis-ik]
[2022-03-07T18:58:10,628][INFO ][o.e.d.DiscoveryModule    ] [fJkL-vj] using discovery type [zen]
[2022-03-07T18:58:11,201][INFO ][o.e.n.Node               ] initialized
[2022-03-07T18:58:11,202][INFO ][o.e.n.Node               ] [fJkL-vj] starting ...
[2022-03-07T18:58:12,416][INFO ][o.e.t.TransportService   ] [fJkL-vj] publish_address {127.0.0.1:9300}, bound_addresses {127.0.0.1:9300}
[2022-03-07T18:58:15,478][INFO ][o.e.c.s.ClusterService   ] [fJkL-vj] new_master {fJkL-vj}{fJkL-vj1SgmRBXYqFZJAzQ}{UY6PfG0RR-K0gXAD5Sns7Q}{127.0.0.1}{127.0.0.1:9300}, reason: zen-disco-elected-as-master ([0] nodes joined)
[2022-03-07T18:58:15,502][INFO ][o.e.h.n.Netty4HttpServerTransport] [fJkL-vj] publish_address {127.0.0.1:9200}, bound_addresses {127.0.0.1:9200}
[2022-03-07T18:58:15,503][INFO ][o.e.n.Node               ] [fJkL-vj] started
[2022-03-07T18:58:15,510][INFO ][o.e.g.GatewayService     ] [fJkL-vj] recovered [0] indices into cluster_state
[2022-03-07T18:58:16,251][INFO ][o.w.a.d.Monitor          ] try load config from F:\1\snow3\07-爬虫\课前资料\ElasticSearch软件\elasticsearch-5.6.8\config\analysis-ik\IKAnalyzer.cfg.xml
[2022-03-07T18:58:16,256][INFO ][o.w.a.d.Monitor          ] try load config from F:\1\snow3\07-爬虫\课前资料\ElasticSearch软件\elasticsearch-5.6.8\plugins\ik\config\IKAnalyzer.cfg.xml
[2022-03-07T19:16:57,322][INFO ][o.e.c.m.MetaDataCreateIndexService] [fJkL-vj] [item] creating index, cause [api], templates [], shards [5]/[1], mappings []
[2022-03-07T19:16:57,848][DEBUG][o.e.a.a.i.m.p.TransportPutMappingAction] [fJkL-vj] failed to put mappings on indices [[[item/sNYPjJOBTAq9ZbOldcieQg]]], type [item]
org.elasticsearch.index.mapper.MapperParsingException: analyzer [ik-smart] not found for field [title]
	at org.elasticsearch.index.mapper.TypeParsers.parseAnalyzersAndTermVectors(TypeParsers.java:127) ~[elasticsearch-5.6.8.jar:5.6.8]
	at org.elasticsearch.index.mapper.TypeParsers.parseTextField(TypeParsers.java:209) ~[elasticsearch-5.6.8.jar:5.6.8]
	at org.elasticsearch.index.mapper.TextFieldMapper$TypeParser.parse(TextFieldMapper.java:185) ~[elasticsearch-5.6.8.jar:5.6.8]
	at org.elasticsearch.index.mapper.ObjectMapper$TypeParser.parseProperties(ObjectMapper.java:277) ~[elasticsearch-5.6.8.jar:5.6.8]
	at org.elasticsearch.index.mapper.ObjectMapper$TypeParser.parseObjectOrDocumentTypeProperties(ObjectMapper.java:199) ~[elasticsearch-5.6.8.jar:5.6.8]
	at org.elasticsearch.index.mapper.RootObjectMapper$TypeParser.parse(RootObjectMapper.java:102) ~[elasticsearch-5.6.8.jar:5.6.8]
	at org.elasticsearch.index.mapper.DocumentMapperParser.parse(DocumentMapperParser.java:111) ~[elasticsearch-5.6.8.jar:5.6.8]
	at org.elasticsearch.index.mapper.DocumentMapperParser.parse(DocumentMapperParser.java:91) ~[elasticsearch-5.6.8.jar:5.6.8]
	at org.elasticsearch.index.mapper.MapperService.parse(MapperService.java:644) ~[elasticsearch-5.6.8.jar:5.6.8]
	at org.elasticsearch.cluster.metadata.MetaDataMappingService$PutMappingExecutor.applyRequest(MetaDataMappingService.java:264) ~[elasticsearch-5.6.8.jar:5.6.8]
	at org.elasticsearch.cluster.metadata.MetaDataMappingService$PutMappingExecutor.execute(MetaDataMappingService.java:230) ~[elasticsearch-5.6.8.jar:5.6.8]
	at org.elasticsearch.cluster.service.ClusterService.executeTasks(ClusterService.java:634) ~[elasticsearch-5.6.8.jar:5.6.8]
	at org.elasticsearch.cluster.service.ClusterService.calculateTaskOutputs(ClusterService.java:612) ~[elasticsearch-5.6.8.jar:5.6.8]
	at org.elasticsearch.cluster.service.ClusterService.runTasks(ClusterService.java:571) [elasticsearch-5.6.8.jar:5.6.8]
	at org.elasticsearch.cluster.service.ClusterService$ClusterServiceTaskBatcher.run(ClusterService.java:263) [elasticsearch-5.6.8.jar:5.6.8]
	at org.elasticsearch.cluster.service.TaskBatcher.runIfNotProcessed(TaskBatcher.java:150) [elasticsearch-5.6.8.jar:5.6.8]
	at org.elasticsearch.cluster.service.TaskBatcher$BatchedTask.run(TaskBatcher.java:188) [elasticsearch-5.6.8.jar:5.6.8]
	at org.elasticsearch.common.util.concurrent.ThreadContext$ContextPreservingRunnable.run(ThreadContext.java:575) [elasticsearch-5.6.8.jar:5.6.8]
	at org.elasticsearch.common.util.concurrent.PrioritizedEsThreadPoolExecutor$TieBreakingPrioritizedRunnable.runAndClean(PrioritizedEsThreadPoolExecutor.java:247) [elasticsearch-5.6.8.jar:5.6.8]
	at org.elasticsearch.common.util.concurrent.PrioritizedEsThreadPoolExecutor$TieBreakingPrioritizedRunnable.run(PrioritizedEsThreadPoolExecutor.java:210) [elasticsearch-5.6.8.jar:5.6.8]
	at java.util.concurrent.ThreadPoolExecutor.runWorker(ThreadPoolExecutor.java:1149) [?:1.8.0_321]
	at java.util.concurrent.ThreadPoolExecutor$Worker.run(ThreadPoolExecutor.java:624) [?:1.8.0_321]
	at java.lang.Thread.run(Thread.java:750) [?:1.8.0_321]
[2022-03-07T19:17:29,431][DEBUG][o.e.a.a.i.m.p.TransportPutMappingAction] [fJkL-vj] failed to put mappings on indices [[[item/sNYPjJOBTAq9ZbOldcieQg]]], type [item]
org.elasticsearch.index.mapper.MapperParsingException: analyzer [ik-smart] not found for field [title]
	at org.elasticsearch.index.mapper.TypeParsers.parseAnalyzersAndTermVectors(TypeParsers.java:127) ~[elasticsearch-5.6.8.jar:5.6.8]
	at org.elasticsearch.index.mapper.TypeParsers.parseTextField(TypeParsers.java:209) ~[elasticsearch-5.6.8.jar:5.6.8]
	at org.elasticsearch.index.mapper.TextFieldMapper$TypeParser.parse(TextFieldMapper.java:185) ~[elasticsearch-5.6.8.jar:5.6.8]
	at org.elasticsearch.index.mapper.ObjectMapper$TypeParser.parseProperties(ObjectMapper.java:277) ~[elasticsearch-5.6.8.jar:5.6.8]
	at org.elasticsearch.index.mapper.ObjectMapper$TypeParser.parseObjectOrDocumentTypeProperties(ObjectMapper.java:199) ~[elasticsearch-5.6.8.jar:5.6.8]
	at org.elasticsearch.index.mapper.RootObjectMapper$TypeParser.parse(RootObjectMapper.java:102) ~[elasticsearch-5.6.8.jar:5.6.8]
	at org.elasticsearch.index.mapper.DocumentMapperParser.parse(DocumentMapperParser.java:111) ~[elasticsearch-5.6.8.jar:5.6.8]
	at org.elasticsearch.index.mapper.DocumentMapperParser.parse(DocumentMapperParser.java:91) ~[elasticsearch-5.6.8.jar:5.6.8]
	at org.elasticsearch.index.mapper.MapperService.parse(MapperService.java:644) ~[elasticsearch-5.6.8.jar:5.6.8]
	at org.elasticsearch.cluster.metadata.MetaDataMappingService$PutMappingExecutor.applyRequest(MetaDataMappingService.java:264) ~[elasticsearch-5.6.8.jar:5.6.8]
	at org.elasticsearch.cluster.metadata.MetaDataMappingService$PutMappingExecutor.execute(MetaDataMappingService.java:230) ~[elasticsearch-5.6.8.jar:5.6.8]
	at org.elasticsearch.cluster.service.ClusterService.executeTasks(ClusterService.java:634) ~[elasticsearch-5.6.8.jar:5.6.8]
	at org.elasticsearch.cluster.service.ClusterService.calculateTaskOutputs(ClusterService.java:612) ~[elasticsearch-5.6.8.jar:5.6.8]
	at org.elasticsearch.cluster.service.ClusterService.runTasks(ClusterService.java:571) [elasticsearch-5.6.8.jar:5.6.8]
	at org.elasticsearch.cluster.service.ClusterService$ClusterServiceTaskBatcher.run(ClusterService.java:263) [elasticsearch-5.6.8.jar:5.6.8]
	at org.elasticsearch.cluster.service.TaskBatcher.runIfNotProcessed(TaskBatcher.java:150) [elasticsearch-5.6.8.jar:5.6.8]
	at org.elasticsearch.cluster.service.TaskBatcher$BatchedTask.run(TaskBatcher.java:188) [elasticsearch-5.6.8.jar:5.6.8]
	at org.elasticsearch.common.util.concurrent.ThreadContext$ContextPreservingRunnable.run(ThreadContext.java:575) [elasticsearch-5.6.8.jar:5.6.8]
	at org.elasticsearch.common.util.concurrent.PrioritizedEsThreadPoolExecutor$TieBreakingPrioritizedRunnable.runAndClean(PrioritizedEsThreadPoolExecutor.java:247) [elasticsearch-5.6.8.jar:5.6.8]
	at org.elasticsearch.common.util.concurrent.PrioritizedEsThreadPoolExecutor$TieBreakingPrioritizedRunnable.run(PrioritizedEsThreadPoolExecutor.java:210) [elasticsearch-5.6.8.jar:5.6.8]
	at java.util.concurrent.ThreadPoolExecutor.runWorker(ThreadPoolExecutor.java:1149) [?:1.8.0_321]
	at java.util.concurrent.ThreadPoolExecutor$Worker.run(ThreadPoolExecutor.java:624) [?:1.8.0_321]
	at java.lang.Thread.run(Thread.java:750) [?:1.8.0_321]
[2022-03-07T19:19:05,087][DEBUG][o.e.a.a.i.m.p.TransportPutMappingAction] [fJkL-vj] failed to put mappings on indices [[[item/sNYPjJOBTAq9ZbOldcieQg]]], type [item]
org.elasticsearch.index.mapper.MapperParsingException: analyzer [ik-smart] not found for field [title]
	at org.elasticsearch.index.mapper.TypeParsers.parseAnalyzersAndTermVectors(TypeParsers.java:127) ~[elasticsearch-5.6.8.jar:5.6.8]
	at org.elasticsearch.index.mapper.TypeParsers.parseTextField(TypeParsers.java:209) ~[elasticsearch-5.6.8.jar:5.6.8]
	at org.elasticsearch.index.mapper.TextFieldMapper$TypeParser.parse(TextFieldMapper.java:185) ~[elasticsearch-5.6.8.jar:5.6.8]
	at org.elasticsearch.index.mapper.ObjectMapper$TypeParser.parseProperties(ObjectMapper.java:277) ~[elasticsearch-5.6.8.jar:5.6.8]
	at org.elasticsearch.index.mapper.ObjectMapper$TypeParser.parseObjectOrDocumentTypeProperties(ObjectMapper.java:199) ~[elasticsearch-5.6.8.jar:5.6.8]
	at org.elasticsearch.index.mapper.RootObjectMapper$TypeParser.parse(RootObjectMapper.java:102) ~[elasticsearch-5.6.8.jar:5.6.8]
	at org.elasticsearch.index.mapper.DocumentMapperParser.parse(DocumentMapperParser.java:111) ~[elasticsearch-5.6.8.jar:5.6.8]
	at org.elasticsearch.index.mapper.DocumentMapperParser.parse(DocumentMapperParser.java:91) ~[elasticsearch-5.6.8.jar:5.6.8]
	at org.elasticsearch.index.mapper.MapperService.parse(MapperService.java:644) ~[elasticsearch-5.6.8.jar:5.6.8]
	at org.elasticsearch.cluster.metadata.MetaDataMappingService$PutMappingExecutor.applyRequest(MetaDataMappingService.java:264) ~[elasticsearch-5.6.8.jar:5.6.8]
	at org.elasticsearch.cluster.metadata.MetaDataMappingService$PutMappingExecutor.execute(MetaDataMappingService.java:230) ~[elasticsearch-5.6.8.jar:5.6.8]
	at org.elasticsearch.cluster.service.ClusterService.executeTasks(ClusterService.java:634) ~[elasticsearch-5.6.8.jar:5.6.8]
	at org.elasticsearch.cluster.service.ClusterService.calculateTaskOutputs(ClusterService.java:612) ~[elasticsearch-5.6.8.jar:5.6.8]
	at org.elasticsearch.cluster.service.ClusterService.runTasks(ClusterService.java:571) [elasticsearch-5.6.8.jar:5.6.8]
	at org.elasticsearch.cluster.service.ClusterService$ClusterServiceTaskBatcher.run(ClusterService.java:263) [elasticsearch-5.6.8.jar:5.6.8]
	at org.elasticsearch.cluster.service.TaskBatcher.runIfNotProcessed(TaskBatcher.java:150) [elasticsearch-5.6.8.jar:5.6.8]
	at org.elasticsearch.cluster.service.TaskBatcher$BatchedTask.run(TaskBatcher.java:188) [elasticsearch-5.6.8.jar:5.6.8]
	at org.elasticsearch.common.util.concurrent.ThreadContext$ContextPreservingRunnable.run(ThreadContext.java:575) [elasticsearch-5.6.8.jar:5.6.8]
	at org.elasticsearch.common.util.concurrent.PrioritizedEsThreadPoolExecutor$TieBreakingPrioritizedRunnable.runAndClean(PrioritizedEsThreadPoolExecutor.java:247) [elasticsearch-5.6.8.jar:5.6.8]
	at org.elasticsearch.common.util.concurrent.PrioritizedEsThreadPoolExecutor$TieBreakingPrioritizedRunnable.run(PrioritizedEsThreadPoolExecutor.java:210) [elasticsearch-5.6.8.jar:5.6.8]
	at java.util.concurrent.ThreadPoolExecutor.runWorker(ThreadPoolExecutor.java:1149) [?:1.8.0_321]
	at java.util.concurrent.ThreadPoolExecutor$Worker.run(ThreadPoolExecutor.java:624) [?:1.8.0_321]
	at java.lang.Thread.run(Thread.java:750) [?:1.8.0_321]
[2022-03-07T21:56:54,320][INFO ][o.e.b.Bootstrap          ] running graceful exit on windows
[2022-03-07T21:56:54,321][INFO ][o.e.n.Node               ] [fJkL-vj] stopping ...
[2022-03-07T21:56:54,349][INFO ][o.e.n.Node               ] [fJkL-vj] stopped
[2022-03-07T21:56:54,350][INFO ][o.e.n.Node               ] [fJkL-vj] closing ...
[2022-03-07T21:56:54,355][INFO ][o.e.n.Node               ] [fJkL-vj] closed
[2022-03-07T21:57:01,962][INFO ][o.e.n.Node               ] [] initializing ...
[2022-03-07T21:57:02,061][INFO ][o.e.e.NodeEnvironment    ] [fJkL-vj] using [1] data paths, mounts [[(F:)]], net usable_space [33.3gb], net total_space [100gb], spins? [unknown], types [FAT32]
[2022-03-07T21:57:02,062][INFO ][o.e.e.NodeEnvironment    ] [fJkL-vj] heap size [1.9gb], compressed ordinary object pointers [true]
[2022-03-07T21:57:02,119][INFO ][o.e.n.Node               ] node name [fJkL-vj] derived from node ID [fJkL-vj1SgmRBXYqFZJAzQ]; set [node.name] to override
[2022-03-07T21:57:02,120][INFO ][o.e.n.Node               ] version[5.6.8], pid[256], build[688ecce/2018-02-16T16:46:30.010Z], OS[Windows 10/10.0/amd64], JVM[Oracle Corporation/Java HotSpot(TM) 64-Bit Server VM/1.8.0_321/25.321-b07]
[2022-03-07T21:57:02,121][INFO ][o.e.n.Node               ] JVM arguments [-Xms2g, -Xmx2g, -XX:+UseConcMarkSweepGC, -XX:CMSInitiatingOccupancyFraction=75, -XX:+UseCMSInitiatingOccupancyOnly, -XX:+AlwaysPreTouch, -Xss1m, -Djava.awt.headless=true, -Dfile.encoding=UTF-8, -Djna.nosys=true, -Djdk.io.permissionsUseCanonicalPath=true, -Dio.netty.noUnsafe=true, -Dio.netty.noKeySetOptimization=true, -Dio.netty.recycler.maxCapacityPerThread=0, -Dlog4j.shutdownHookEnabled=false, -Dlog4j2.disable.jmx=true, -Dlog4j.skipJansi=true, -XX:+HeapDumpOnOutOfMemoryError, -Delasticsearch, -Des.path.home=F:\1\snow3\07-爬虫\课前资料\ElasticSearch软件\elasticsearch-5.6.8]
[2022-03-07T21:57:03,187][INFO ][o.e.p.PluginsService     ] [fJkL-vj] loaded module [aggs-matrix-stats]
[2022-03-07T21:57:03,187][INFO ][o.e.p.PluginsService     ] [fJkL-vj] loaded module [ingest-common]
[2022-03-07T21:57:03,188][INFO ][o.e.p.PluginsService     ] [fJkL-vj] loaded module [lang-expression]
[2022-03-07T21:57:03,188][INFO ][o.e.p.PluginsService     ] [fJkL-vj] loaded module [lang-groovy]
[2022-03-07T21:57:03,189][INFO ][o.e.p.PluginsService     ] [fJkL-vj] loaded module [lang-mustache]
[2022-03-07T21:57:03,189][INFO ][o.e.p.PluginsService     ] [fJkL-vj] loaded module [lang-painless]
[2022-03-07T21:57:03,190][INFO ][o.e.p.PluginsService     ] [fJkL-vj] loaded module [parent-join]
[2022-03-07T21:57:03,190][INFO ][o.e.p.PluginsService     ] [fJkL-vj] loaded module [percolator]
[2022-03-07T21:57:03,190][INFO ][o.e.p.PluginsService     ] [fJkL-vj] loaded module [reindex]
[2022-03-07T21:57:03,191][INFO ][o.e.p.PluginsService     ] [fJkL-vj] loaded module [transport-netty3]
[2022-03-07T21:57:03,191][INFO ][o.e.p.PluginsService     ] [fJkL-vj] loaded module [transport-netty4]
[2022-03-07T21:57:03,192][INFO ][o.e.p.PluginsService     ] [fJkL-vj] loaded plugin [analysis-ik]
[2022-03-07T21:57:05,937][INFO ][o.e.d.DiscoveryModule    ] [fJkL-vj] using discovery type [zen]
[2022-03-07T21:57:06,365][INFO ][o.e.n.Node               ] initialized
[2022-03-07T21:57:06,365][INFO ][o.e.n.Node               ] [fJkL-vj] starting ...
[2022-03-07T21:57:07,560][INFO ][o.e.t.TransportService   ] [fJkL-vj] publish_address {127.0.0.1:9300}, bound_addresses {127.0.0.1:9300}
[2022-03-07T21:57:10,620][INFO ][o.e.c.s.ClusterService   ] [fJkL-vj] new_master {fJkL-vj}{fJkL-vj1SgmRBXYqFZJAzQ}{DRzRX_NsTsmcmJhRS8NWDw}{127.0.0.1}{127.0.0.1:9300}, reason: zen-disco-elected-as-master ([0] nodes joined)
[2022-03-07T21:57:10,641][INFO ][o.e.h.n.Netty4HttpServerTransport] [fJkL-vj] publish_address {127.0.0.1:9200}, bound_addresses {127.0.0.1:9200}
[2022-03-07T21:57:10,642][INFO ][o.e.n.Node               ] [fJkL-vj] started
[2022-03-07T21:57:10,677][INFO ][o.w.a.d.Monitor          ] try load config from F:\1\snow3\07-爬虫\课前资料\ElasticSearch软件\elasticsearch-5.6.8\config\analysis-ik\IKAnalyzer.cfg.xml
[2022-03-07T21:57:10,683][INFO ][o.w.a.d.Monitor          ] try load config from F:\1\snow3\07-爬虫\课前资料\ElasticSearch软件\elasticsearch-5.6.8\plugins\ik\config\IKAnalyzer.cfg.xml
[2022-03-07T21:57:10,951][INFO ][o.e.g.GatewayService     ] [fJkL-vj] recovered [1] indices into cluster_state
[2022-03-07T21:57:11,201][INFO ][o.e.c.r.a.AllocationService] [fJkL-vj] Cluster health status changed from [RED] to [YELLOW] (reason: [shards started [[item][1]] ...]).
[2022-03-07T22:02:26,917][DEBUG][o.e.a.a.i.m.p.TransportPutMappingAction] [fJkL-vj] failed to put mappings on indices [[[item/sNYPjJOBTAq9ZbOldcieQg]]], type [item]
org.elasticsearch.index.mapper.MapperParsingException: analyzer [ik-smart] not found for field [title]
	at org.elasticsearch.index.mapper.TypeParsers.parseAnalyzersAndTermVectors(TypeParsers.java:127) ~[elasticsearch-5.6.8.jar:5.6.8]
	at org.elasticsearch.index.mapper.TypeParsers.parseTextField(TypeParsers.java:209) ~[elasticsearch-5.6.8.jar:5.6.8]
	at org.elasticsearch.index.mapper.TextFieldMapper$TypeParser.parse(TextFieldMapper.java:185) ~[elasticsearch-5.6.8.jar:5.6.8]
	at org.elasticsearch.index.mapper.ObjectMapper$TypeParser.parseProperties(ObjectMapper.java:277) ~[elasticsearch-5.6.8.jar:5.6.8]
	at org.elasticsearch.index.mapper.ObjectMapper$TypeParser.parseObjectOrDocumentTypeProperties(ObjectMapper.java:199) ~[elasticsearch-5.6.8.jar:5.6.8]
	at org.elasticsearch.index.mapper.RootObjectMapper$TypeParser.parse(RootObjectMapper.java:102) ~[elasticsearch-5.6.8.jar:5.6.8]
	at org.elasticsearch.index.mapper.DocumentMapperParser.parse(DocumentMapperParser.java:111) ~[elasticsearch-5.6.8.jar:5.6.8]
	at org.elasticsearch.index.mapper.DocumentMapperParser.parse(DocumentMapperParser.java:91) ~[elasticsearch-5.6.8.jar:5.6.8]
	at org.elasticsearch.index.mapper.MapperService.parse(MapperService.java:644) ~[elasticsearch-5.6.8.jar:5.6.8]
	at org.elasticsearch.cluster.metadata.MetaDataMappingService$PutMappingExecutor.applyRequest(MetaDataMappingService.java:264) ~[elasticsearch-5.6.8.jar:5.6.8]
	at org.elasticsearch.cluster.metadata.MetaDataMappingService$PutMappingExecutor.execute(MetaDataMappingService.java:230) ~[elasticsearch-5.6.8.jar:5.6.8]
	at org.elasticsearch.cluster.service.ClusterService.executeTasks(ClusterService.java:634) ~[elasticsearch-5.6.8.jar:5.6.8]
	at org.elasticsearch.cluster.service.ClusterService.calculateTaskOutputs(ClusterService.java:612) ~[elasticsearch-5.6.8.jar:5.6.8]
	at org.elasticsearch.cluster.service.ClusterService.runTasks(ClusterService.java:571) [elasticsearch-5.6.8.jar:5.6.8]
	at org.elasticsearch.cluster.service.ClusterService$ClusterServiceTaskBatcher.run(ClusterService.java:263) [elasticsearch-5.6.8.jar:5.6.8]
	at org.elasticsearch.cluster.service.TaskBatcher.runIfNotProcessed(TaskBatcher.java:150) [elasticsearch-5.6.8.jar:5.6.8]
	at org.elasticsearch.cluster.service.TaskBatcher$BatchedTask.run(TaskBatcher.java:188) [elasticsearch-5.6.8.jar:5.6.8]
	at org.elasticsearch.common.util.concurrent.ThreadContext$ContextPreservingRunnable.run(ThreadContext.java:575) [elasticsearch-5.6.8.jar:5.6.8]
	at org.elasticsearch.common.util.concurrent.PrioritizedEsThreadPoolExecutor$TieBreakingPrioritizedRunnable.runAndClean(PrioritizedEsThreadPoolExecutor.java:247) [elasticsearch-5.6.8.jar:5.6.8]
	at org.elasticsearch.common.util.concurrent.PrioritizedEsThreadPoolExecutor$TieBreakingPrioritizedRunnable.run(PrioritizedEsThreadPoolExecutor.java:210) [elasticsearch-5.6.8.jar:5.6.8]
	at java.util.concurrent.ThreadPoolExecutor.runWorker(ThreadPoolExecutor.java:1149) [?:1.8.0_321]
	at java.util.concurrent.ThreadPoolExecutor$Worker.run(ThreadPoolExecutor.java:624) [?:1.8.0_321]
	at java.lang.Thread.run(Thread.java:750) [?:1.8.0_321]
[2022-03-07T22:04:07,068][DEBUG][o.e.a.a.i.m.p.TransportPutMappingAction] [fJkL-vj] failed to put mappings on indices [[[item/sNYPjJOBTAq9ZbOldcieQg]]], type [item]
org.elasticsearch.index.mapper.MapperParsingException: analyzer [ik-smart] not found for field [title]
	at org.elasticsearch.index.mapper.TypeParsers.parseAnalyzersAndTermVectors(TypeParsers.java:127) ~[elasticsearch-5.6.8.jar:5.6.8]
	at org.elasticsearch.index.mapper.TypeParsers.parseTextField(TypeParsers.java:209) ~[elasticsearch-5.6.8.jar:5.6.8]
	at org.elasticsearch.index.mapper.TextFieldMapper$TypeParser.parse(TextFieldMapper.java:185) ~[elasticsearch-5.6.8.jar:5.6.8]
	at org.elasticsearch.index.mapper.ObjectMapper$TypeParser.parseProperties(ObjectMapper.java:277) ~[elasticsearch-5.6.8.jar:5.6.8]
	at org.elasticsearch.index.mapper.ObjectMapper$TypeParser.parseObjectOrDocumentTypeProperties(ObjectMapper.java:199) ~[elasticsearch-5.6.8.jar:5.6.8]
	at org.elasticsearch.index.mapper.RootObjectMapper$TypeParser.parse(RootObjectMapper.java:102) ~[elasticsearch-5.6.8.jar:5.6.8]
	at org.elasticsearch.index.mapper.DocumentMapperParser.parse(DocumentMapperParser.java:111) ~[elasticsearch-5.6.8.jar:5.6.8]
	at org.elasticsearch.index.mapper.DocumentMapperParser.parse(DocumentMapperParser.java:91) ~[elasticsearch-5.6.8.jar:5.6.8]
	at org.elasticsearch.index.mapper.MapperService.parse(MapperService.java:644) ~[elasticsearch-5.6.8.jar:5.6.8]
	at org.elasticsearch.cluster.metadata.MetaDataMappingService$PutMappingExecutor.applyRequest(MetaDataMappingService.java:264) ~[elasticsearch-5.6.8.jar:5.6.8]
	at org.elasticsearch.cluster.metadata.MetaDataMappingService$PutMappingExecutor.execute(MetaDataMappingService.java:230) ~[elasticsearch-5.6.8.jar:5.6.8]
	at org.elasticsearch.cluster.service.ClusterService.executeTasks(ClusterService.java:634) ~[elasticsearch-5.6.8.jar:5.6.8]
	at org.elasticsearch.cluster.service.ClusterService.calculateTaskOutputs(ClusterService.java:612) ~[elasticsearch-5.6.8.jar:5.6.8]
	at org.elasticsearch.cluster.service.ClusterService.runTasks(ClusterService.java:571) [elasticsearch-5.6.8.jar:5.6.8]
	at org.elasticsearch.cluster.service.ClusterService$ClusterServiceTaskBatcher.run(ClusterService.java:263) [elasticsearch-5.6.8.jar:5.6.8]
	at org.elasticsearch.cluster.service.TaskBatcher.runIfNotProcessed(TaskBatcher.java:150) [elasticsearch-5.6.8.jar:5.6.8]
	at org.elasticsearch.cluster.service.TaskBatcher$BatchedTask.run(TaskBatcher.java:188) [elasticsearch-5.6.8.jar:5.6.8]
	at org.elasticsearch.common.util.concurrent.ThreadContext$ContextPreservingRunnable.run(ThreadContext.java:575) [elasticsearch-5.6.8.jar:5.6.8]
	at org.elasticsearch.common.util.concurrent.PrioritizedEsThreadPoolExecutor$TieBreakingPrioritizedRunnable.runAndClean(PrioritizedEsThreadPoolExecutor.java:247) [elasticsearch-5.6.8.jar:5.6.8]
	at org.elasticsearch.common.util.concurrent.PrioritizedEsThreadPoolExecutor$TieBreakingPrioritizedRunnable.run(PrioritizedEsThreadPoolExecutor.java:210) [elasticsearch-5.6.8.jar:5.6.8]
	at java.util.concurrent.ThreadPoolExecutor.runWorker(ThreadPoolExecutor.java:1149) [?:1.8.0_321]
	at java.util.concurrent.ThreadPoolExecutor$Worker.run(ThreadPoolExecutor.java:624) [?:1.8.0_321]
	at java.lang.Thread.run(Thread.java:750) [?:1.8.0_321]
[2022-03-07T22:04:07,400][INFO ][o.e.c.m.MetaDataMappingService] [fJkL-vj] [item/sNYPjJOBTAq9ZbOldcieQg] create_mapping [item]
[2022-03-07T22:04:32,894][DEBUG][o.e.a.a.i.m.p.TransportPutMappingAction] [fJkL-vj] failed to put mappings on indices [[[item/sNYPjJOBTAq9ZbOldcieQg]]], type [item]
org.elasticsearch.index.mapper.MapperParsingException: analyzer [ik-smart] not found for field [title]
	at org.elasticsearch.index.mapper.TypeParsers.parseAnalyzersAndTermVectors(TypeParsers.java:127) ~[elasticsearch-5.6.8.jar:5.6.8]
	at org.elasticsearch.index.mapper.TypeParsers.parseTextField(TypeParsers.java:209) ~[elasticsearch-5.6.8.jar:5.6.8]
	at org.elasticsearch.index.mapper.TextFieldMapper$TypeParser.parse(TextFieldMapper.java:185) ~[elasticsearch-5.6.8.jar:5.6.8]
	at org.elasticsearch.index.mapper.ObjectMapper$TypeParser.parseProperties(ObjectMapper.java:277) ~[elasticsearch-5.6.8.jar:5.6.8]
	at org.elasticsearch.index.mapper.ObjectMapper$TypeParser.parseObjectOrDocumentTypeProperties(ObjectMapper.java:199) ~[elasticsearch-5.6.8.jar:5.6.8]
	at org.elasticsearch.index.mapper.RootObjectMapper$TypeParser.parse(RootObjectMapper.java:102) ~[elasticsearch-5.6.8.jar:5.6.8]
	at org.elasticsearch.index.mapper.DocumentMapperParser.parse(DocumentMapperParser.java:111) ~[elasticsearch-5.6.8.jar:5.6.8]
	at org.elasticsearch.index.mapper.DocumentMapperParser.parse(DocumentMapperParser.java:91) ~[elasticsearch-5.6.8.jar:5.6.8]
	at org.elasticsearch.index.mapper.MapperService.parse(MapperService.java:644) ~[elasticsearch-5.6.8.jar:5.6.8]
	at org.elasticsearch.cluster.metadata.MetaDataMappingService$PutMappingExecutor.applyRequest(MetaDataMappingService.java:264) ~[elasticsearch-5.6.8.jar:5.6.8]
	at org.elasticsearch.cluster.metadata.MetaDataMappingService$PutMappingExecutor.execute(MetaDataMappingService.java:230) ~[elasticsearch-5.6.8.jar:5.6.8]
	at org.elasticsearch.cluster.service.ClusterService.executeTasks(ClusterService.java:634) ~[elasticsearch-5.6.8.jar:5.6.8]
	at org.elasticsearch.cluster.service.ClusterService.calculateTaskOutputs(ClusterService.java:612) ~[elasticsearch-5.6.8.jar:5.6.8]
	at org.elasticsearch.cluster.service.ClusterService.runTasks(ClusterService.java:571) [elasticsearch-5.6.8.jar:5.6.8]
	at org.elasticsearch.cluster.service.ClusterService$ClusterServiceTaskBatcher.run(ClusterService.java:263) [elasticsearch-5.6.8.jar:5.6.8]
	at org.elasticsearch.cluster.service.TaskBatcher.runIfNotProcessed(TaskBatcher.java:150) [elasticsearch-5.6.8.jar:5.6.8]
	at org.elasticsearch.cluster.service.TaskBatcher$BatchedTask.run(TaskBatcher.java:188) [elasticsearch-5.6.8.jar:5.6.8]
	at org.elasticsearch.common.util.concurrent.ThreadContext$ContextPreservingRunnable.run(ThreadContext.java:575) [elasticsearch-5.6.8.jar:5.6.8]
	at org.elasticsearch.common.util.concurrent.PrioritizedEsThreadPoolExecutor$TieBreakingPrioritizedRunnable.runAndClean(PrioritizedEsThreadPoolExecutor.java:247) [elasticsearch-5.6.8.jar:5.6.8]
	at org.elasticsearch.common.util.concurrent.PrioritizedEsThreadPoolExecutor$TieBreakingPrioritizedRunnable.run(PrioritizedEsThreadPoolExecutor.java:210) [elasticsearch-5.6.8.jar:5.6.8]
	at java.util.concurrent.ThreadPoolExecutor.runWorker(ThreadPoolExecutor.java:1149) [?:1.8.0_321]
	at java.util.concurrent.ThreadPoolExecutor$Worker.run(ThreadPoolExecutor.java:624) [?:1.8.0_321]
	at java.lang.Thread.run(Thread.java:750) [?:1.8.0_321]
[2022-03-07T22:04:49,642][DEBUG][o.e.a.a.i.m.p.TransportPutMappingAction] [fJkL-vj] failed to put mappings on indices [[[item/sNYPjJOBTAq9ZbOldcieQg]]], type [item]
org.elasticsearch.index.mapper.MapperParsingException: analyzer [ik-smart] not found for field [title]
	at org.elasticsearch.index.mapper.TypeParsers.parseAnalyzersAndTermVectors(TypeParsers.java:127) ~[elasticsearch-5.6.8.jar:5.6.8]
	at org.elasticsearch.index.mapper.TypeParsers.parseTextField(TypeParsers.java:209) ~[elasticsearch-5.6.8.jar:5.6.8]
	at org.elasticsearch.index.mapper.TextFieldMapper$TypeParser.parse(TextFieldMapper.java:185) ~[elasticsearch-5.6.8.jar:5.6.8]
	at org.elasticsearch.index.mapper.ObjectMapper$TypeParser.parseProperties(ObjectMapper.java:277) ~[elasticsearch-5.6.8.jar:5.6.8]
	at org.elasticsearch.index.mapper.ObjectMapper$TypeParser.parseObjectOrDocumentTypeProperties(ObjectMapper.java:199) ~[elasticsearch-5.6.8.jar:5.6.8]
	at org.elasticsearch.index.mapper.RootObjectMapper$TypeParser.parse(RootObjectMapper.java:102) ~[elasticsearch-5.6.8.jar:5.6.8]
	at org.elasticsearch.index.mapper.DocumentMapperParser.parse(DocumentMapperParser.java:111) ~[elasticsearch-5.6.8.jar:5.6.8]
	at org.elasticsearch.index.mapper.DocumentMapperParser.parse(DocumentMapperParser.java:91) ~[elasticsearch-5.6.8.jar:5.6.8]
	at org.elasticsearch.index.mapper.MapperService.parse(MapperService.java:644) ~[elasticsearch-5.6.8.jar:5.6.8]
	at org.elasticsearch.cluster.metadata.MetaDataMappingService$PutMappingExecutor.applyRequest(MetaDataMappingService.java:264) ~[elasticsearch-5.6.8.jar:5.6.8]
	at org.elasticsearch.cluster.metadata.MetaDataMappingService$PutMappingExecutor.execute(MetaDataMappingService.java:230) ~[elasticsearch-5.6.8.jar:5.6.8]
	at org.elasticsearch.cluster.service.ClusterService.executeTasks(ClusterService.java:634) ~[elasticsearch-5.6.8.jar:5.6.8]
	at org.elasticsearch.cluster.service.ClusterService.calculateTaskOutputs(ClusterService.java:612) ~[elasticsearch-5.6.8.jar:5.6.8]
	at org.elasticsearch.cluster.service.ClusterService.runTasks(ClusterService.java:571) [elasticsearch-5.6.8.jar:5.6.8]
	at org.elasticsearch.cluster.service.ClusterService$ClusterServiceTaskBatcher.run(ClusterService.java:263) [elasticsearch-5.6.8.jar:5.6.8]
	at org.elasticsearch.cluster.service.TaskBatcher.runIfNotProcessed(TaskBatcher.java:150) [elasticsearch-5.6.8.jar:5.6.8]
	at org.elasticsearch.cluster.service.TaskBatcher$BatchedTask.run(TaskBatcher.java:188) [elasticsearch-5.6.8.jar:5.6.8]
	at org.elasticsearch.common.util.concurrent.ThreadContext$ContextPreservingRunnable.run(ThreadContext.java:575) [elasticsearch-5.6.8.jar:5.6.8]
	at org.elasticsearch.common.util.concurrent.PrioritizedEsThreadPoolExecutor$TieBreakingPrioritizedRunnable.runAndClean(PrioritizedEsThreadPoolExecutor.java:247) [elasticsearch-5.6.8.jar:5.6.8]
	at org.elasticsearch.common.util.concurrent.PrioritizedEsThreadPoolExecutor$TieBreakingPrioritizedRunnable.run(PrioritizedEsThreadPoolExecutor.java:210) [elasticsearch-5.6.8.jar:5.6.8]
	at java.util.concurrent.ThreadPoolExecutor.runWorker(ThreadPoolExecutor.java:1149) [?:1.8.0_321]
	at java.util.concurrent.ThreadPoolExecutor$Worker.run(ThreadPoolExecutor.java:624) [?:1.8.0_321]
	at java.lang.Thread.run(Thread.java:750) [?:1.8.0_321]
[2022-03-07T22:05:04,644][DEBUG][o.e.a.a.i.m.p.TransportPutMappingAction] [fJkL-vj] failed to put mappings on indices [[[item/sNYPjJOBTAq9ZbOldcieQg]]], type [item]
org.elasticsearch.index.mapper.MapperParsingException: analyzer [ik-smart] not found for field [title]
	at org.elasticsearch.index.mapper.TypeParsers.parseAnalyzersAndTermVectors(TypeParsers.java:127) ~[elasticsearch-5.6.8.jar:5.6.8]
	at org.elasticsearch.index.mapper.TypeParsers.parseTextField(TypeParsers.java:209) ~[elasticsearch-5.6.8.jar:5.6.8]
	at org.elasticsearch.index.mapper.TextFieldMapper$TypeParser.parse(TextFieldMapper.java:185) ~[elasticsearch-5.6.8.jar:5.6.8]
	at org.elasticsearch.index.mapper.ObjectMapper$TypeParser.parseProperties(ObjectMapper.java:277) ~[elasticsearch-5.6.8.jar:5.6.8]
	at org.elasticsearch.index.mapper.ObjectMapper$TypeParser.parseObjectOrDocumentTypeProperties(ObjectMapper.java:199) ~[elasticsearch-5.6.8.jar:5.6.8]
	at org.elasticsearch.index.mapper.RootObjectMapper$TypeParser.parse(RootObjectMapper.java:102) ~[elasticsearch-5.6.8.jar:5.6.8]
	at org.elasticsearch.index.mapper.DocumentMapperParser.parse(DocumentMapperParser.java:111) ~[elasticsearch-5.6.8.jar:5.6.8]
	at org.elasticsearch.index.mapper.DocumentMapperParser.parse(DocumentMapperParser.java:91) ~[elasticsearch-5.6.8.jar:5.6.8]
	at org.elasticsearch.index.mapper.MapperService.parse(MapperService.java:644) ~[elasticsearch-5.6.8.jar:5.6.8]
	at org.elasticsearch.cluster.metadata.MetaDataMappingService$PutMappingExecutor.applyRequest(MetaDataMappingService.java:264) ~[elasticsearch-5.6.8.jar:5.6.8]
	at org.elasticsearch.cluster.metadata.MetaDataMappingService$PutMappingExecutor.execute(MetaDataMappingService.java:230) ~[elasticsearch-5.6.8.jar:5.6.8]
	at org.elasticsearch.cluster.service.ClusterService.executeTasks(ClusterService.java:634) ~[elasticsearch-5.6.8.jar:5.6.8]
	at org.elasticsearch.cluster.service.ClusterService.calculateTaskOutputs(ClusterService.java:612) ~[elasticsearch-5.6.8.jar:5.6.8]
	at org.elasticsearch.cluster.service.ClusterService.runTasks(ClusterService.java:571) [elasticsearch-5.6.8.jar:5.6.8]
	at org.elasticsearch.cluster.service.ClusterService$ClusterServiceTaskBatcher.run(ClusterService.java:263) [elasticsearch-5.6.8.jar:5.6.8]
	at org.elasticsearch.cluster.service.TaskBatcher.runIfNotProcessed(TaskBatcher.java:150) [elasticsearch-5.6.8.jar:5.6.8]
	at org.elasticsearch.cluster.service.TaskBatcher$BatchedTask.run(TaskBatcher.java:188) [elasticsearch-5.6.8.jar:5.6.8]
	at org.elasticsearch.common.util.concurrent.ThreadContext$ContextPreservingRunnable.run(ThreadContext.java:575) [elasticsearch-5.6.8.jar:5.6.8]
	at org.elasticsearch.common.util.concurrent.PrioritizedEsThreadPoolExecutor$TieBreakingPrioritizedRunnable.runAndClean(PrioritizedEsThreadPoolExecutor.java:247) [elasticsearch-5.6.8.jar:5.6.8]
	at org.elasticsearch.common.util.concurrent.PrioritizedEsThreadPoolExecutor$TieBreakingPrioritizedRunnable.run(PrioritizedEsThreadPoolExecutor.java:210) [elasticsearch-5.6.8.jar:5.6.8]
	at java.util.concurrent.ThreadPoolExecutor.runWorker(ThreadPoolExecutor.java:1149) [?:1.8.0_321]
	at java.util.concurrent.ThreadPoolExecutor$Worker.run(ThreadPoolExecutor.java:624) [?:1.8.0_321]
	at java.lang.Thread.run(Thread.java:750) [?:1.8.0_321]
[2022-03-07T22:09:25,963][DEBUG][o.e.a.a.i.m.p.TransportPutMappingAction] [fJkL-vj] failed to put mappings on indices [[[item/sNYPjJOBTAq9ZbOldcieQg]]], type [item]
org.elasticsearch.index.mapper.MapperParsingException: analyzer [ik-smart] not found for field [title]
	at org.elasticsearch.index.mapper.TypeParsers.parseAnalyzersAndTermVectors(TypeParsers.java:127) ~[elasticsearch-5.6.8.jar:5.6.8]
	at org.elasticsearch.index.mapper.TypeParsers.parseTextField(TypeParsers.java:209) ~[elasticsearch-5.6.8.jar:5.6.8]
	at org.elasticsearch.index.mapper.TextFieldMapper$TypeParser.parse(TextFieldMapper.java:185) ~[elasticsearch-5.6.8.jar:5.6.8]
	at org.elasticsearch.index.mapper.ObjectMapper$TypeParser.parseProperties(ObjectMapper.java:277) ~[elasticsearch-5.6.8.jar:5.6.8]
	at org.elasticsearch.index.mapper.ObjectMapper$TypeParser.parseObjectOrDocumentTypeProperties(ObjectMapper.java:199) ~[elasticsearch-5.6.8.jar:5.6.8]
	at org.elasticsearch.index.mapper.RootObjectMapper$TypeParser.parse(RootObjectMapper.java:102) ~[elasticsearch-5.6.8.jar:5.6.8]
	at org.elasticsearch.index.mapper.DocumentMapperParser.parse(DocumentMapperParser.java:111) ~[elasticsearch-5.6.8.jar:5.6.8]
	at org.elasticsearch.index.mapper.DocumentMapperParser.parse(DocumentMapperParser.java:91) ~[elasticsearch-5.6.8.jar:5.6.8]
	at org.elasticsearch.index.mapper.MapperService.parse(MapperService.java:644) ~[elasticsearch-5.6.8.jar:5.6.8]
	at org.elasticsearch.cluster.metadata.MetaDataMappingService$PutMappingExecutor.applyRequest(MetaDataMappingService.java:264) ~[elasticsearch-5.6.8.jar:5.6.8]
	at org.elasticsearch.cluster.metadata.MetaDataMappingService$PutMappingExecutor.execute(MetaDataMappingService.java:230) ~[elasticsearch-5.6.8.jar:5.6.8]
	at org.elasticsearch.cluster.service.ClusterService.executeTasks(ClusterService.java:634) ~[elasticsearch-5.6.8.jar:5.6.8]
	at org.elasticsearch.cluster.service.ClusterService.calculateTaskOutputs(ClusterService.java:612) ~[elasticsearch-5.6.8.jar:5.6.8]
	at org.elasticsearch.cluster.service.ClusterService.runTasks(ClusterService.java:571) [elasticsearch-5.6.8.jar:5.6.8]
	at org.elasticsearch.cluster.service.ClusterService$ClusterServiceTaskBatcher.run(ClusterService.java:263) [elasticsearch-5.6.8.jar:5.6.8]
	at org.elasticsearch.cluster.service.TaskBatcher.runIfNotProcessed(TaskBatcher.java:150) [elasticsearch-5.6.8.jar:5.6.8]
	at org.elasticsearch.cluster.service.TaskBatcher$BatchedTask.run(TaskBatcher.java:188) [elasticsearch-5.6.8.jar:5.6.8]
	at org.elasticsearch.common.util.concurrent.ThreadContext$ContextPreservingRunnable.run(ThreadContext.java:575) [elasticsearch-5.6.8.jar:5.6.8]
	at org.elasticsearch.common.util.concurrent.PrioritizedEsThreadPoolExecutor$TieBreakingPrioritizedRunnable.runAndClean(PrioritizedEsThreadPoolExecutor.java:247) [elasticsearch-5.6.8.jar:5.6.8]
	at org.elasticsearch.common.util.concurrent.PrioritizedEsThreadPoolExecutor$TieBreakingPrioritizedRunnable.run(PrioritizedEsThreadPoolExecutor.java:210) [elasticsearch-5.6.8.jar:5.6.8]
	at java.util.concurrent.ThreadPoolExecutor.runWorker(ThreadPoolExecutor.java:1149) [?:1.8.0_321]
	at java.util.concurrent.ThreadPoolExecutor$Worker.run(ThreadPoolExecutor.java:624) [?:1.8.0_321]
	at java.lang.Thread.run(Thread.java:750) [?:1.8.0_321]
[2022-03-07T22:26:38,445][INFO ][o.e.b.Bootstrap          ] running graceful exit on windows
[2022-03-07T22:26:38,446][INFO ][o.e.n.Node               ] [fJkL-vj] stopping ...
[2022-03-07T22:26:38,477][INFO ][o.e.n.Node               ] [fJkL-vj] stopped
[2022-03-07T22:26:38,478][INFO ][o.e.n.Node               ] [fJkL-vj] closing ...
[2022-03-07T22:26:38,486][INFO ][o.e.n.Node               ] [fJkL-vj] closed
